Determining if the pthread_create exist failed with the following output:
Change Dir: /home/ly/catkin_exam/src/ORBSLAM2_with_pointcloud_map/ORB_SLAM2_modified/Examples/ROS/ORB_SLAM2/build/CMakeFiles/CMakeTmp

Run Build Command:"/usr/bin/make" "cmTC_2673d/fast"
/usr/bin/make -f CMakeFiles/cmTC_2673d.dir/build.make CMakeFiles/cmTC_2673d.dir/build
make[1]: Entering directory '/home/ly/catkin_exam/src/ORBSLAM2_with_pointcloud_map/ORB_SLAM2_modified/Examples/ROS/ORB_SLAM2/build/CMakeFiles/CMakeTmp'
Building C object CMakeFiles/cmTC_2673d.dir/CheckSymbolExists.c.o
/usr/bin/cc     -o CMakeFiles/cmTC_2673d.dir/CheckSymbolExists.c.o   -c /home/ly/catkin_exam/src/ORBSLAM2_with_pointcloud_map/ORB_SLAM2_modified/Examples/ROS/ORB_SLAM2/build/CMakeFiles/CMakeTmp/CheckSymbolExists.c
Linking C executable cmTC_2673d
/usr/bin/cmake -E cmake_link_script CMakeFiles/cmTC_2673d.dir/link.txt --verbose=1
/usr/bin/cc       CMakeFiles/cmTC_2673d.dir/CheckSymbolExists.c.o  -o cmTC_2673d -rdynamic 
CMakeFiles/cmTC_2673d.dir/CheckSymbolExists.c.o：在函数‘main’中：
CheckSymbolExists.c:(.text+0x16)：对‘pthread_create’未定义的引用
collect2: error: ld returned 1 exit status
CMakeFiles/cmTC_2673d.dir/build.make:97: recipe for target 'cmTC_2673d' failed
make[1]: *** [cmTC_2673d] Error 1
make[1]: Leaving directory '/home/ly/catkin_exam/src/ORBSLAM2_with_pointcloud_map/ORB_SLAM2_modified/Examples/ROS/ORB_SLAM2/build/CMakeFiles/CMakeTmp'
Makefile:126: recipe for target 'cmTC_2673d/fast' failed
make: *** [cmTC_2673d/fast] Error 2

File /home/ly/catkin_exam/src/ORBSLAM2_with_pointcloud_map/ORB_SLAM2_modified/Examples/ROS/ORB_SLAM2/build/CMakeFiles/CMakeTmp/CheckSymbolExists.c:
/* */
#include <pthread.h>

int main(int argc, char** argv)
{
  (void)argv;
#ifndef pthread_create
  return ((int*)(&pthread_create))[argc];
#else
  (void)argc;
  return 0;
#endif
}

Determining if the function pthread_create exists in the pthreads failed with the following output:
Change Dir: /home/ly/catkin_exam/src/ORBSLAM2_with_pointcloud_map/ORB_SLAM2_modified/Examples/ROS/ORB_SLAM2/build/CMakeFiles/CMakeTmp

Run Build Command:"/usr/bin/make" "cmTC_a6577/fast"
/usr/bin/make -f CMakeFiles/cmTC_a6577.dir/build.make CMakeFiles/cmTC_a6577.dir/build
make[1]: Entering directory '/home/ly/catkin_exam/src/ORBSLAM2_with_pointcloud_map/ORB_SLAM2_modified/Examples/ROS/ORB_SLAM2/build/CMakeFiles/CMakeTmp'
Building C object CMakeFiles/cmTC_a6577.dir/CheckFunctionExists.c.o
/usr/bin/cc    -DCHECK_FUNCTION_EXISTS=pthread_create   -o CMakeFiles/cmTC_a6577.dir/CheckFunctionExists.c.o   -c /usr/share/cmake-3.5/Modules/CheckFunctionExists.c
Linking C executable cmTC_a6577
/usr/bin/cmake -E cmake_link_script CMakeFiles/cmTC_a6577.dir/link.txt --verbose=1
/usr/bin/cc   -DCHECK_FUNCTION_EXISTS=pthread_create    CMakeFiles/cmTC_a6577.dir/CheckFunctionExists.c.o  -o cmTC_a6577 -rdynamic -lpthreads 
/usr/bin/ld: 找不到 -lpthreads
collect2: error: ld returned 1 exit status
CMakeFiles/cmTC_a6577.dir/build.make:97: recipe for target 'cmTC_a6577' failed
make[1]: *** [cmTC_a6577] Error 1
make[1]: Leaving directory '/home/ly/catkin_exam/src/ORBSLAM2_with_pointcloud_map/ORB_SLAM2_modified/Examples/ROS/ORB_SLAM2/build/CMakeFiles/CMakeTmp'
Makefile:126: recipe for target 'cmTC_a6577/fast' failed
make: *** [cmTC_a6577/fast] Error 2


